<?xml version="1.0" encoding="UTF-8"?>
<!-- Generated by org.testng.reporters.JUnitXMLReporter -->
<testsuite hostname="BLT0005-PC" name="Test" tests="1" failures="1" timestamp="18 Apr 2016 09:20:36 GMT" time="19.957" errors="0">
  <testcase name="f" time="19.914" classname="Basictest.Sample">
    <failure type="org.openqa.selenium.NoSuchElementException" message="An element could not be located on the page using the given search parameters. (WARNING: The server did not provide any stacktrace information)
Command duration or timeout: 15.41 seconds
For documentation on this error, please visit: http://seleniumhq.org/exceptions/no_such_element.html
Build info: version: &amp;apos;2.52.0&amp;apos;, revision: &amp;apos;4c2593c&amp;apos;, time: &amp;apos;2016-02-11 19:06:42&amp;apos;
System info: host: &amp;apos;BLT0005-PC&amp;apos;, ip: &amp;apos;192.168.1.231&amp;apos;, os.name: &amp;apos;Windows 8.1&amp;apos;, os.arch: &amp;apos;amd64&amp;apos;, os.version: &amp;apos;6.3&amp;apos;, java.version: &amp;apos;1.8.0_05&amp;apos;
Driver info: org.openqa.selenium.remote.RemoteWebDriver
Capabilities [{appPackage=com.example.android.testing.unittesting.BasicSample, networkConnectionEnabled=true, warnings={}, databaseEnabled=false, deviceName=J668A1ZR5B101972, platform=LINUX, appActivity=com.example.android.testing.unittesting.BasicSample.MainActivity, desired={appPackage=com.example.android.testing.unittesting.BasicSample, appActivity=com.example.android.testing.unittesting.BasicSample.MainActivity, platformVersion=5.1, browserName=Android, platformName=Android, deviceName=J668A1ZR5B101972}, platformVersion=5.1, webStorageEnabled=false, locationContextEnabled=false, browserName=Android, takesScreenshot=true, javascriptEnabled=true, platformName=Android}]
Session ID: baf3fe6a-0253-49da-828f-57f67f0c648f
*** Element info: {Using=name, value=Enter your name}">
      <![CDATA[org.openqa.selenium.NoSuchElementException: An element could not be located on the page using the given search parameters. (WARNING: The server did not provide any stacktrace information)
Command duration or timeout: 15.41 seconds
For documentation on this error, please visit: http://seleniumhq.org/exceptions/no_such_element.html
Build info: version: '2.52.0', revision: '4c2593c', time: '2016-02-11 19:06:42'
System info: host: 'BLT0005-PC', ip: '192.168.1.231', os.name: 'Windows 8.1', os.arch: 'amd64', os.version: '6.3', java.version: '1.8.0_05'
Driver info: org.openqa.selenium.remote.RemoteWebDriver
Capabilities [{appPackage=com.example.android.testing.unittesting.BasicSample, networkConnectionEnabled=true, warnings={}, databaseEnabled=false, deviceName=J668A1ZR5B101972, platform=LINUX, appActivity=com.example.android.testing.unittesting.BasicSample.MainActivity, desired={appPackage=com.example.android.testing.unittesting.BasicSample, appActivity=com.example.android.testing.unittesting.BasicSample.MainActivity, platformVersion=5.1, browserName=Android, platformName=Android, deviceName=J668A1ZR5B101972}, platformVersion=5.1, webStorageEnabled=false, locationContextEnabled=false, browserName=Android, takesScreenshot=true, javascriptEnabled=true, platformName=Android}]
Session ID: baf3fe6a-0253-49da-828f-57f67f0c648f
*** Element info: {Using=name, value=Enter your name}
	at org.openqa.selenium.remote.ErrorHandler.createThrowable(ErrorHandler.java:206)
	at org.openqa.selenium.remote.ErrorHandler.throwIfResponseFailed(ErrorHandler.java:158)
	at org.openqa.selenium.remote.RemoteWebDriver.execute(RemoteWebDriver.java:678)
	at org.openqa.selenium.remote.RemoteWebDriver.findElement(RemoteWebDriver.java:363)
	at org.openqa.selenium.remote.RemoteWebDriver.findElementByName(RemoteWebDriver.java:461)
	at org.openqa.selenium.By$ByName.findElement(By.java:303)
	at org.openqa.selenium.remote.RemoteWebDriver.findElement(RemoteWebDriver.java:355)
	at Basictest.Sample.f(Sample.java:32)
	at java.util.concurrent.FutureTask.run(Unknown Source)
	at java.util.concurrent.ThreadPoolExecutor.runWorker(Unknown Source)
	at java.util.concurrent.ThreadPoolExecutor$Worker.run(Unknown Source)
	at java.lang.Thread.run(Unknown Source)
... Removed 20 stack frames]]>
    </failure>
  </testcase> <!-- f -->
</testsuite> <!-- Test -->
